<?xml version="1.0" encoding="UTF-8"?>
<TestRun id="c1220c00-32b9-4049-9d92-0af7d4af1fd4" name="Joao-MAC@JOAO-MAC-PC 2012-05-11 23:58:46" runUser="Joao-MAC-PC\Joao-MAC" xmlns="http://microsoft.com/schemas/VisualStudio/TeamTest/2010">
  <TestSettings name="Local" id="3cc470c2-dfc7-4004-a505-957f73c63915">
    <Description>These are default test settings for a local test run.</Description>
    <Deployment enabled="false" runDeploymentRoot="Joao-MAC_JOAO-MAC-PC 2012-05-11 23_58_46">
      <DeploymentItem filename="C:\Users\Joao-MAC\SkyDrive\Documentos\WORK\Projetos\LasVega\LasVega.Entity\bin\x86\Debug\LasVega.Entity.dll" />
    </Deployment>
    <Execution>
      <TestTypeSpecific />
      <AgentRule name="Execution Agents">
      </AgentRule>
    </Execution>
  </TestSettings>
  <Times creation="2012-05-11T23:58:46.3796000-03:00" queuing="2012-05-11T23:58:48.0696000-03:00" start="2012-05-11T23:58:48.3316000-03:00" finish="2012-05-11T23:58:49.1526000-03:00" />
  <ResultSummary outcome="Completed">
    <Counters total="4" executed="4" passed="4" error="0" failed="0" timeout="0" aborted="0" inconclusive="0" passedButRunAborted="0" notRunnable="0" notExecuted="0" disconnected="0" warning="0" completed="0" inProgress="0" pending="0" />
  </ResultSummary>
  <TestDefinitions>
    <UnitTest name="CreationDeckWithoutMinimiunSoldiers" storage="c:\users\joao-mac\skydrive\documentos\work\projetos\lasvega\lasvega.entity.test\bin\debug\lasvega.entity.test.dll" id="2270aee3-5056-d8c8-efa8-54c0649bac6c">
      <Execution id="96f8e188-45a9-4f1b-9cdd-0dbb02adf090" />
      <TestMethod codeBase="C:/Users/Joao-MAC/SkyDrive/Documentos/WORK/Projetos/LasVega/LasVega.Entity.Test/bin/Debug/LasVega.Entity.Test.DLL" adapterTypeName="Microsoft.VisualStudio.TestTools.TestTypes.Unit.UnitTestAdapter, Microsoft.VisualStudio.QualityTools.Tips.UnitTest.Adapter, Version=10.0.0.0, Culture=neutral, PublicKeyToken=b03f5f7f11d50a3a" className="LasVega.Entity.Test.Collections.DeckTest, LasVega.Entity.Test, Version=1.0.0.0, Culture=neutral, PublicKeyToken=null" name="CreationDeckWithoutMinimiunSoldiers" />
    </UnitTest>
    <UnitTest name="GetCardsForBattle" storage="c:\users\joao-mac\skydrive\documentos\work\projetos\lasvega\lasvega.entity.test\bin\debug\lasvega.entity.test.dll" id="04f9974f-e544-a99e-8506-a83cb7c20b25">
      <Execution id="93090de8-d1c8-4450-89e0-8ca0b915303f" />
      <TestMethod codeBase="C:/Users/Joao-MAC/SkyDrive/Documentos/WORK/Projetos/LasVega/LasVega.Entity.Test/bin/Debug/LasVega.Entity.Test.DLL" adapterTypeName="Microsoft.VisualStudio.TestTools.TestTypes.Unit.UnitTestAdapter, Microsoft.VisualStudio.QualityTools.Tips.UnitTest.Adapter, Version=10.0.0.0, Culture=neutral, PublicKeyToken=b03f5f7f11d50a3a" className="LasVega.Entity.Test.Collections.DeckTest, LasVega.Entity.Test, Version=1.0.0.0, Culture=neutral, PublicKeyToken=null" name="GetCardsForBattle" />
    </UnitTest>
    <UnitTest name="CreationDeck" storage="c:\users\joao-mac\skydrive\documentos\work\projetos\lasvega\lasvega.entity.test\bin\debug\lasvega.entity.test.dll" id="429f3c2c-10a9-d85c-33aa-84336cf2d8c4">
      <Execution id="5d1e9301-300e-407f-b24c-9c30fe77b01e" />
      <TestMethod codeBase="C:/Users/Joao-MAC/SkyDrive/Documentos/WORK/Projetos/LasVega/LasVega.Entity.Test/bin/Debug/LasVega.Entity.Test.DLL" adapterTypeName="Microsoft.VisualStudio.TestTools.TestTypes.Unit.UnitTestAdapter, Microsoft.VisualStudio.QualityTools.Tips.UnitTest.Adapter, Version=10.0.0.0, Culture=neutral, PublicKeyToken=b03f5f7f11d50a3a" className="LasVega.Entity.Test.Collections.DeckTest, LasVega.Entity.Test, Version=1.0.0.0, Culture=neutral, PublicKeyToken=null" name="CreationDeck" />
    </UnitTest>
    <UnitTest name="CreationDeckWithoutGeneral" storage="c:\users\joao-mac\skydrive\documentos\work\projetos\lasvega\lasvega.entity.test\bin\debug\lasvega.entity.test.dll" id="88db0701-e1dc-eac4-90b8-96a015d3e9cf">
      <Execution id="83447630-1337-43c7-9602-d6c367c33e5b" />
      <TestMethod codeBase="C:/Users/Joao-MAC/SkyDrive/Documentos/WORK/Projetos/LasVega/LasVega.Entity.Test/bin/Debug/LasVega.Entity.Test.DLL" adapterTypeName="Microsoft.VisualStudio.TestTools.TestTypes.Unit.UnitTestAdapter, Microsoft.VisualStudio.QualityTools.Tips.UnitTest.Adapter, Version=10.0.0.0, Culture=neutral, PublicKeyToken=b03f5f7f11d50a3a" className="LasVega.Entity.Test.Collections.DeckTest, LasVega.Entity.Test, Version=1.0.0.0, Culture=neutral, PublicKeyToken=null" name="CreationDeckWithoutGeneral" />
    </UnitTest>
  </TestDefinitions>
  <TestLists>
    <TestList name="Results Not in a List" id="8c84fa94-04c1-424b-9868-57a2d4851a1d" />
    <TestList name="All Loaded Results" id="19431567-8539-422a-85d7-44ee4e166bda" />
  </TestLists>
  <TestEntries>
    <TestEntry testId="04f9974f-e544-a99e-8506-a83cb7c20b25" executionId="93090de8-d1c8-4450-89e0-8ca0b915303f" testListId="8c84fa94-04c1-424b-9868-57a2d4851a1d" />
    <TestEntry testId="2270aee3-5056-d8c8-efa8-54c0649bac6c" executionId="96f8e188-45a9-4f1b-9cdd-0dbb02adf090" testListId="8c84fa94-04c1-424b-9868-57a2d4851a1d" />
    <TestEntry testId="429f3c2c-10a9-d85c-33aa-84336cf2d8c4" executionId="5d1e9301-300e-407f-b24c-9c30fe77b01e" testListId="8c84fa94-04c1-424b-9868-57a2d4851a1d" />
    <TestEntry testId="88db0701-e1dc-eac4-90b8-96a015d3e9cf" executionId="83447630-1337-43c7-9602-d6c367c33e5b" testListId="8c84fa94-04c1-424b-9868-57a2d4851a1d" />
  </TestEntries>
  <Results>
    <UnitTestResult executionId="93090de8-d1c8-4450-89e0-8ca0b915303f" testId="04f9974f-e544-a99e-8506-a83cb7c20b25" testName="GetCardsForBattle" computerName="JOAO-MAC-PC" duration="00:00:00.0898593" startTime="2012-05-11T23:58:48.3846000-03:00" endTime="2012-05-11T23:58:49.0366000-03:00" testType="13cdc9d9-ddb5-4fa4-a97d-d965ccfc6d4b" outcome="Passed" testListId="8c84fa94-04c1-424b-9868-57a2d4851a1d" relativeResultsDirectory="93090de8-d1c8-4450-89e0-8ca0b915303f">
    </UnitTestResult>
    <UnitTestResult executionId="96f8e188-45a9-4f1b-9cdd-0dbb02adf090" testId="2270aee3-5056-d8c8-efa8-54c0649bac6c" testName="CreationDeckWithoutMinimiunSoldiers" computerName="JOAO-MAC-PC" duration="00:00:00.0008520" startTime="2012-05-11T23:58:49.0446000-03:00" endTime="2012-05-11T23:58:49.0506000-03:00" testType="13cdc9d9-ddb5-4fa4-a97d-d965ccfc6d4b" outcome="Passed" testListId="8c84fa94-04c1-424b-9868-57a2d4851a1d" relativeResultsDirectory="96f8e188-45a9-4f1b-9cdd-0dbb02adf090">
    </UnitTestResult>
    <UnitTestResult executionId="5d1e9301-300e-407f-b24c-9c30fe77b01e" testId="429f3c2c-10a9-d85c-33aa-84336cf2d8c4" testName="CreationDeck" computerName="JOAO-MAC-PC" duration="00:00:00.0002631" startTime="2012-05-11T23:58:49.0566000-03:00" endTime="2012-05-11T23:58:49.0636000-03:00" testType="13cdc9d9-ddb5-4fa4-a97d-d965ccfc6d4b" outcome="Passed" testListId="8c84fa94-04c1-424b-9868-57a2d4851a1d" relativeResultsDirectory="5d1e9301-300e-407f-b24c-9c30fe77b01e">
    </UnitTestResult>
    <UnitTestResult executionId="83447630-1337-43c7-9602-d6c367c33e5b" testId="88db0701-e1dc-eac4-90b8-96a015d3e9cf" testName="CreationDeckWithoutGeneral" computerName="JOAO-MAC-PC" duration="00:00:00.0006557" startTime="2012-05-11T23:58:49.0676000-03:00" endTime="2012-05-11T23:58:49.0736000-03:00" testType="13cdc9d9-ddb5-4fa4-a97d-d965ccfc6d4b" outcome="Passed" testListId="8c84fa94-04c1-424b-9868-57a2d4851a1d" relativeResultsDirectory="83447630-1337-43c7-9602-d6c367c33e5b">
    </UnitTestResult>
  </Results>
</TestRun>